<?xml version="1.0" encoding="UTF-8"?>
<TestRun id="d1153576-e29c-4f05-9016-fbaaea12ad0d" name="kapil@SAMSUNG 2019-03-15 11:46:53" runUser="samsung\kapil" xmlns="http://microsoft.com/schemas/VisualStudio/TeamTest/2010">
  <TestSettings name="Local" id="ce3d8ba1-af3b-457d-af3a-83bb4e058e5d">
    <Description>These are default test settings for a local test run.</Description>
    <Deployment enabled="false" runDeploymentRoot="kapil_SAMSUNG 2019-03-15 11_46_53">
      <DeploymentItem filename="D:\Test1\TestExerciseCode\TestExerciseCode\bin\Debug\TestExerciseCode.exe" />
      <DeploymentItem filename="D:\Test1\TestExerciseCode\ThirdPartyTools\bin\Debug\ThirdPartyTools.dll" />
    </Deployment>
    <Execution>
      <TestTypeSpecific />
      <AgentRule name="Execution Agents">
      </AgentRule>
    </Execution>
  </TestSettings>
  <Times creation="2019-03-15T11:46:53.3107883+05:30" queuing="2019-03-15T11:46:53.4187936+05:30" start="2019-03-15T11:46:53.4267923+05:30" finish="2019-03-15T11:46:53.8067992+05:30" />
  <ResultSummary outcome="Completed">
    <Counters total="1" executed="1" passed="1" error="0" failed="0" timeout="0" aborted="0" inconclusive="0" passedButRunAborted="0" notRunnable="0" notExecuted="0" disconnected="0" warning="0" completed="0" inProgress="0" pending="0" />
  </ResultSummary>
  <TestDefinitions>
    <UnitTest name="GetOutputSizeNegativeTest1" storage="d:\test1\testexercisecode\testproject1\bin\debug\testproject1.dll" id="3aa6acd9-db4f-6dc1-55a0-8a183035ea6b">
      <Execution id="15075508-1a25-4dad-ae87-d401fe453cb8" />
      <TestMethod codeBase="D:/Test1/TestExerciseCode/TestProject1/bin/Debug/TestProject1.DLL" adapterTypeName="Microsoft.VisualStudio.TestTools.TestTypes.Unit.UnitTestAdapter, Microsoft.VisualStudio.QualityTools.Tips.UnitTest.Adapter, Version=10.0.0.0, Culture=neutral, PublicKeyToken=b03f5f7f11d50a3a" className="TestProject1.ProgramTest, TestProject1, Version=1.0.0.0, Culture=neutral, PublicKeyToken=null" name="GetOutputSizeNegativeTest1" />
    </UnitTest>
  </TestDefinitions>
  <TestLists>
    <TestList name="Results Not in a List" id="8c84fa94-04c1-424b-9868-57a2d4851a1d" />
    <TestList name="All Loaded Results" id="19431567-8539-422a-85d7-44ee4e166bda" />
  </TestLists>
  <TestEntries>
    <TestEntry testId="3aa6acd9-db4f-6dc1-55a0-8a183035ea6b" executionId="15075508-1a25-4dad-ae87-d401fe453cb8" testListId="8c84fa94-04c1-424b-9868-57a2d4851a1d" />
  </TestEntries>
  <Results>
    <UnitTestResult executionId="15075508-1a25-4dad-ae87-d401fe453cb8" testId="3aa6acd9-db4f-6dc1-55a0-8a183035ea6b" testName="GetOutputSizeNegativeTest1" computerName="SAMSUNG" duration="00:00:00.0287643" startTime="2019-03-15T11:46:53.4267923+05:30" endTime="2019-03-15T11:46:53.7827976+05:30" testType="13cdc9d9-ddb5-4fa4-a97d-d965ccfc6d4b" outcome="Passed" testListId="8c84fa94-04c1-424b-9868-57a2d4851a1d" relativeResultsDirectory="15075508-1a25-4dad-ae87-d401fe453cb8">
    </UnitTestResult>
  </Results>
</TestRun>