<?xml version="1.0" encoding="UTF-8"?>
<TestRun id="c3ba7288-4594-4b0d-a514-0cdaeff1bad4" name="kapil@SAMSUNG 2019-03-15 11:44:12" runUser="samsung\kapil" xmlns="http://microsoft.com/schemas/VisualStudio/TeamTest/2010">
  <TestSettings name="Local" id="ce3d8ba1-af3b-457d-af3a-83bb4e058e5d">
    <Description>These are default test settings for a local test run.</Description>
    <Deployment enabled="false" runDeploymentRoot="kapil_SAMSUNG 2019-03-15 11_44_12">
      <DeploymentItem filename="D:\Test1\TestExerciseCode\TestExerciseCode\bin\Debug\TestExerciseCode.exe" />
      <DeploymentItem filename="D:\Test1\TestExerciseCode\ThirdPartyTools\bin\Debug\ThirdPartyTools.dll" />
    </Deployment>
    <Execution>
      <TestTypeSpecific />
      <AgentRule name="Execution Agents">
      </AgentRule>
    </Execution>
  </TestSettings>
  <Times creation="2019-03-15T11:44:12.1580381+05:30" queuing="2019-03-15T11:44:12.2340401+05:30" start="2019-03-15T11:44:12.2460397+05:30" finish="2019-03-15T11:44:12.7060500+05:30" />
  <ResultSummary outcome="Failed">
    <Counters total="1" executed="1" error="0" failed="1" timeout="0" aborted="0" inconclusive="0" passedButRunAborted="0" notRunnable="0" notExecuted="0" disconnected="0" warning="0" passed="0" completed="0" inProgress="0" pending="0" />
  </ResultSummary>
  <TestDefinitions>
    <UnitTest name="GetOutputSizePositiveTest" storage="d:\test1\testexercisecode\testproject1\bin\debug\testproject1.dll" id="1e2ea681-6e8e-39e1-4490-dd4d520cdc70">
      <Execution id="dbcd9d98-8843-4e9b-982c-4cf3443c4a69" />
      <TestMethod codeBase="D:/Test1/TestExerciseCode/TestProject1/bin/Debug/TestProject1.DLL" adapterTypeName="Microsoft.VisualStudio.TestTools.TestTypes.Unit.UnitTestAdapter, Microsoft.VisualStudio.QualityTools.Tips.UnitTest.Adapter, Version=10.0.0.0, Culture=neutral, PublicKeyToken=b03f5f7f11d50a3a" className="TestProject1.ProgramTest, TestProject1, Version=1.0.0.0, Culture=neutral, PublicKeyToken=null" name="GetOutputSizePositiveTest" />
    </UnitTest>
  </TestDefinitions>
  <TestLists>
    <TestList name="Results Not in a List" id="8c84fa94-04c1-424b-9868-57a2d4851a1d" />
    <TestList name="All Loaded Results" id="19431567-8539-422a-85d7-44ee4e166bda" />
  </TestLists>
  <TestEntries>
    <TestEntry testId="1e2ea681-6e8e-39e1-4490-dd4d520cdc70" executionId="dbcd9d98-8843-4e9b-982c-4cf3443c4a69" testListId="8c84fa94-04c1-424b-9868-57a2d4851a1d" />
  </TestEntries>
  <Results>
    <UnitTestResult executionId="dbcd9d98-8843-4e9b-982c-4cf3443c4a69" testId="1e2ea681-6e8e-39e1-4490-dd4d520cdc70" testName="GetOutputSizePositiveTest" computerName="SAMSUNG" duration="00:00:00.0514956" startTime="2019-03-15T11:44:12.2540463+05:30" endTime="2019-03-15T11:44:12.6900514+05:30" testType="13cdc9d9-ddb5-4fa4-a97d-d965ccfc6d4b" outcome="Failed" testListId="8c84fa94-04c1-424b-9868-57a2d4851a1d" relativeResultsDirectory="dbcd9d98-8843-4e9b-982c-4cf3443c4a69">
      <Output>
        <ErrorInfo>
          <Message>Assert.AreEqual failed. Expected:&lt;0&gt;. Actual:&lt;3&gt;. </Message>
          <StackTrace>   at TestProject1.ProgramTest.GetOutputSizePositiveTest() in D:\Test1\TestExerciseCode\TestProject1\ProgramTest.cs:line 132
</StackTrace>
        </ErrorInfo>
      </Output>
    </UnitTestResult>
  </Results>
</TestRun>