<?xml version="1.0" encoding="UTF-8"?>
<TestRun id="5f9ab7a8-0ae4-4bc2-b2c4-d7c8e26c5a3e" name="kapil@SAMSUNG 2019-03-15 11:53:53" runUser="samsung\kapil" xmlns="http://microsoft.com/schemas/VisualStudio/TeamTest/2010">
  <TestSettings name="Local" id="ce3d8ba1-af3b-457d-af3a-83bb4e058e5d">
    <Description>These are default test settings for a local test run.</Description>
    <Deployment enabled="false" runDeploymentRoot="kapil_SAMSUNG 2019-03-15 11_53_53">
      <DeploymentItem filename="D:\Test1\TestExerciseCode\TestExerciseCode\bin\Debug\TestExerciseCode.exe" />
      <DeploymentItem filename="D:\Test1\TestExerciseCode\ThirdPartyTools\bin\Debug\ThirdPartyTools.dll" />
    </Deployment>
    <Execution>
      <TestTypeSpecific />
      <AgentRule name="Execution Agents">
      </AgentRule>
    </Execution>
  </TestSettings>
  <Times creation="2019-03-15T11:53:53.1946176+05:30" queuing="2019-03-15T11:53:53.2826198+05:30" start="2019-03-15T11:53:53.2906191+05:30" finish="2019-03-15T11:53:53.7866361+05:30" />
  <ResultSummary outcome="Failed">
    <Counters total="1" executed="1" error="0" failed="1" timeout="0" aborted="0" inconclusive="0" passedButRunAborted="0" notRunnable="0" notExecuted="0" disconnected="0" warning="0" passed="0" completed="0" inProgress="0" pending="0" />
  </ResultSummary>
  <TestDefinitions>
    <UnitTest name="GetOutputSizePositiveTest2" storage="d:\test1\testexercisecode\testproject1\bin\debug\testproject1.dll" id="0b5b1cd5-5780-74a7-6bfa-92ab202442e6">
      <Execution id="e38f222b-f169-4336-b246-683a5ef38d14" />
      <TestMethod codeBase="D:/Test1/TestExerciseCode/TestProject1/bin/Debug/TestProject1.DLL" adapterTypeName="Microsoft.VisualStudio.TestTools.TestTypes.Unit.UnitTestAdapter, Microsoft.VisualStudio.QualityTools.Tips.UnitTest.Adapter, Version=10.0.0.0, Culture=neutral, PublicKeyToken=b03f5f7f11d50a3a" className="TestProject1.ProgramTest, TestProject1, Version=1.0.0.0, Culture=neutral, PublicKeyToken=null" name="GetOutputSizePositiveTest2" />
    </UnitTest>
  </TestDefinitions>
  <TestLists>
    <TestList name="Results Not in a List" id="8c84fa94-04c1-424b-9868-57a2d4851a1d" />
    <TestList name="All Loaded Results" id="19431567-8539-422a-85d7-44ee4e166bda" />
  </TestLists>
  <TestEntries>
    <TestEntry testId="0b5b1cd5-5780-74a7-6bfa-92ab202442e6" executionId="e38f222b-f169-4336-b246-683a5ef38d14" testListId="8c84fa94-04c1-424b-9868-57a2d4851a1d" />
  </TestEntries>
  <Results>
    <UnitTestResult executionId="e38f222b-f169-4336-b246-683a5ef38d14" testId="0b5b1cd5-5780-74a7-6bfa-92ab202442e6" testName="GetOutputSizePositiveTest2" computerName="SAMSUNG" duration="00:00:00.0712633" startTime="2019-03-15T11:53:53.2906191+05:30" endTime="2019-03-15T11:53:53.7706344+05:30" testType="13cdc9d9-ddb5-4fa4-a97d-d965ccfc6d4b" outcome="Failed" testListId="8c84fa94-04c1-424b-9868-57a2d4851a1d" relativeResultsDirectory="e38f222b-f169-4336-b246-683a5ef38d14">
      <Output>
        <ErrorInfo>
          <Message>Assert.Fail failed. Cannot convert into int. Test Case failed</Message>
          <StackTrace>   at TestProject1.ProgramTest.GetOutputSizePositiveTest2() in D:\Test1\TestExerciseCode\TestProject1\ProgramTest.cs:line 149
</StackTrace>
        </ErrorInfo>
      </Output>
    </UnitTestResult>
  </Results>
</TestRun>