<?xml version="1.0" encoding="UTF-8"?>
<TestRun id="5ad5c4c5-1072-4724-8bdd-1bdf1f87a863" name="kapil@SAMSUNG 2019-03-15 21:01:04" runUser="samsung\kapil" xmlns="http://microsoft.com/schemas/VisualStudio/TeamTest/2010">
  <TestSettings name="Local" id="ce3d8ba1-af3b-457d-af3a-83bb4e058e5d">
    <Description>These are default test settings for a local test run.</Description>
    <Deployment enabled="false" runDeploymentRoot="kapil_SAMSUNG 2019-03-15 21_01_04">
      <DeploymentItem filename="D:\Test2\TestExeciseCode\TestExerciseCode\ThirdPartyTools\bin\Debug\ThirdPartyTools.dll" />
      <DeploymentItem filename="D:\Test2\TestExeciseCode\TestExerciseCode\TestExerciseCode\bin\Debug\TestExerciseCode.exe" />
    </Deployment>
    <Execution>
      <TestTypeSpecific />
      <AgentRule name="Execution Agents">
      </AgentRule>
    </Execution>
  </TestSettings>
  <Times creation="2019-03-15T21:01:04.8223460+05:30" queuing="2019-03-15T21:01:04.8863484+05:30" start="2019-03-15T21:01:04.8903517+05:30" finish="2019-03-15T21:01:05.2983659+05:30" />
  <ResultSummary outcome="Completed">
    <Counters total="1" executed="1" passed="1" error="0" failed="0" timeout="0" aborted="0" inconclusive="0" passedButRunAborted="0" notRunnable="0" notExecuted="0" disconnected="0" warning="0" completed="0" inProgress="0" pending="0" />
  </ResultSummary>
  <TestDefinitions>
    <UnitTest name="GetOutputSizeNegativeTest1" storage="d:\test2\testexecisecode\testexercisecode\testproject1\bin\debug\testproject1.dll" id="3aa6acd9-db4f-6dc1-55a0-8a183035ea6b">
      <Execution id="bdd1682a-d685-4936-89fb-d70357357674" />
      <TestMethod codeBase="D:/Test2/TestExeciseCode/TestExerciseCode/TestProject1/bin/Debug/TestProject1.DLL" adapterTypeName="Microsoft.VisualStudio.TestTools.TestTypes.Unit.UnitTestAdapter, Microsoft.VisualStudio.QualityTools.Tips.UnitTest.Adapter, Version=10.0.0.0, Culture=neutral, PublicKeyToken=b03f5f7f11d50a3a" className="TestProject1.ProgramTest, TestProject1, Version=1.0.0.0, Culture=neutral, PublicKeyToken=null" name="GetOutputSizeNegativeTest1" />
    </UnitTest>
  </TestDefinitions>
  <TestLists>
    <TestList name="Results Not in a List" id="8c84fa94-04c1-424b-9868-57a2d4851a1d" />
    <TestList name="All Loaded Results" id="19431567-8539-422a-85d7-44ee4e166bda" />
  </TestLists>
  <TestEntries>
    <TestEntry testId="3aa6acd9-db4f-6dc1-55a0-8a183035ea6b" executionId="bdd1682a-d685-4936-89fb-d70357357674" testListId="8c84fa94-04c1-424b-9868-57a2d4851a1d" />
  </TestEntries>
  <Results>
    <UnitTestResult executionId="bdd1682a-d685-4936-89fb-d70357357674" testId="3aa6acd9-db4f-6dc1-55a0-8a183035ea6b" testName="GetOutputSizeNegativeTest1" computerName="SAMSUNG" duration="00:00:00.0314092" startTime="2019-03-15T21:01:04.8943489+05:30" endTime="2019-03-15T21:01:05.2783639+05:30" testType="13cdc9d9-ddb5-4fa4-a97d-d965ccfc6d4b" outcome="Passed" testListId="8c84fa94-04c1-424b-9868-57a2d4851a1d" relativeResultsDirectory="bdd1682a-d685-4936-89fb-d70357357674">
    </UnitTestResult>
  </Results>
</TestRun>