<?xml version="1.0" encoding="UTF-8"?>
<TestRun id="07c534f7-6eac-458b-a5bc-0d19b48551f0" name="kapil@SAMSUNG 2019-03-15 11:54:44" runUser="samsung\kapil" xmlns="http://microsoft.com/schemas/VisualStudio/TeamTest/2010">
  <TestSettings name="Local" id="ce3d8ba1-af3b-457d-af3a-83bb4e058e5d">
    <Description>These are default test settings for a local test run.</Description>
    <Deployment enabled="false" runDeploymentRoot="kapil_SAMSUNG 2019-03-15 11_54_44">
      <DeploymentItem filename="D:\Test1\TestExerciseCode\TestExerciseCode\bin\Debug\TestExerciseCode.exe" />
      <DeploymentItem filename="D:\Test1\TestExerciseCode\ThirdPartyTools\bin\Debug\ThirdPartyTools.dll" />
    </Deployment>
    <Execution>
      <TestTypeSpecific />
      <AgentRule name="Execution Agents">
      </AgentRule>
    </Execution>
  </TestSettings>
  <Times creation="2019-03-15T11:54:44.0436581+05:30" queuing="2019-03-15T11:54:44.1356599+05:30" start="2019-03-15T11:54:44.1436629+05:30" finish="2019-03-15T11:54:44.5036703+05:30" />
  <ResultSummary outcome="Completed">
    <Counters total="1" executed="1" passed="1" error="0" failed="0" timeout="0" aborted="0" inconclusive="0" passedButRunAborted="0" notRunnable="0" notExecuted="0" disconnected="0" warning="0" completed="0" inProgress="0" pending="0" />
  </ResultSummary>
  <TestDefinitions>
    <UnitTest name="GetOutputVersionPositiveTest1" storage="d:\test1\testexercisecode\testproject1\bin\debug\testproject1.dll" id="62b2ed9e-f9d3-f179-877f-2ce956802aa6">
      <Execution id="652266f9-c9fb-43ed-a9cb-6990ef68c622" />
      <TestMethod codeBase="D:/Test1/TestExerciseCode/TestProject1/bin/Debug/TestProject1.DLL" adapterTypeName="Microsoft.VisualStudio.TestTools.TestTypes.Unit.UnitTestAdapter, Microsoft.VisualStudio.QualityTools.Tips.UnitTest.Adapter, Version=10.0.0.0, Culture=neutral, PublicKeyToken=b03f5f7f11d50a3a" className="TestProject1.ProgramTest, TestProject1, Version=1.0.0.0, Culture=neutral, PublicKeyToken=null" name="GetOutputVersionPositiveTest1" />
    </UnitTest>
  </TestDefinitions>
  <TestLists>
    <TestList name="Results Not in a List" id="8c84fa94-04c1-424b-9868-57a2d4851a1d" />
    <TestList name="All Loaded Results" id="19431567-8539-422a-85d7-44ee4e166bda" />
  </TestLists>
  <TestEntries>
    <TestEntry testId="62b2ed9e-f9d3-f179-877f-2ce956802aa6" executionId="652266f9-c9fb-43ed-a9cb-6990ef68c622" testListId="8c84fa94-04c1-424b-9868-57a2d4851a1d" />
  </TestEntries>
  <Results>
    <UnitTestResult executionId="652266f9-c9fb-43ed-a9cb-6990ef68c622" testId="62b2ed9e-f9d3-f179-877f-2ce956802aa6" testName="GetOutputVersionPositiveTest1" computerName="SAMSUNG" duration="00:00:00.0294067" startTime="2019-03-15T11:54:44.1476607+05:30" endTime="2019-03-15T11:54:44.4876704+05:30" testType="13cdc9d9-ddb5-4fa4-a97d-d965ccfc6d4b" outcome="Passed" testListId="8c84fa94-04c1-424b-9868-57a2d4851a1d" relativeResultsDirectory="652266f9-c9fb-43ed-a9cb-6990ef68c622">
    </UnitTestResult>
  </Results>
</TestRun>